log.js:24 [HMR] Waiting for update signal from WDS...
log.js:24 [HMR] Waiting for update signal from WDS...
client:48 [WDS] Hot Module Replacement enabled.
client:52 [WDS] Live Reloading enabled.
client:48 [WDS] Hot Module Replacement enabled.
client:52 [WDS] Live Reloading enabled.
​ crbug/1173575, non-JS module files deprecated.
(anonymous) @ chromewebdata/:6772
(index):6772 crbug/1173575, non-JS module files deprecated.
(anonymous) @ (index):6772
DevTools failed to load source map: Could not load content for http://localhost:3000/samples/dash-if-reference-player/app/lib/angular/angular.min.js.map: HTTP error: status code 404, net::ERR_HTTP_RESPONSE_CODE_FAILURE
Debug.js:169 [27755][MediaPlayer] Streaming Initialized 
Debug.js:169 [27768][MediaPlayer] Playback Initialized 
Debug.js:169 [27807][DashParser] Parsing complete: ( xml2json: 9.50ms, objectiron: 1.00ms, total: 0.0105s) 
Debug.js:169 [27810][StreamController] Manifest updated... updating data system wide. 
Debug.js:169 [27815][ManifestUpdater] Manifest has been refreshed at Wed Dec 01 2021 10:06:25 GMT+0800 (China Standard Time)[1638324385.646]  
Debug.js:169 [27823][StreamController] Switch to stream defaultId_0. Seektime is 0, current playback time is null. Seamless period switch is set to false 
Debug.js:169 [27838][MediaSourceController] Set MediaSource duration:165.76 
Debug.js:169 [27915][Stream] No text data. 
Debug.js:169 [27917][Stream] No muxed data. 
Debug.js:169 [27917][Stream] No image data. 
Debug.js:169 [28482][StreamProcessor][video] OnFragmentLoadingCompleted for stream id defaultId_0 and media type video - Url: https://dash.akamaized.net/akamai/streamroot/050714/Spring_3000k_track1_dashinit.mp4 , Range:0-895 
Debug.js:169 [28485][StreamProcessor][audio] OnFragmentLoadingCompleted for stream id defaultId_0 and media type audio - Url: https://dash.akamaized.net/akamai/streamroot/050714/Spring_3000k_track2_dashinit.mp4 , Range:0-822 
Debug.js:169 [28490][ScheduleController][video] [video] lastInitializedRepresentationInfo changed to 0 
Debug.js:169 [28491][ScheduleController][audio] [audio] lastInitializedRepresentationInfo changed to 0 
Debug.js:169 [28502][PlaybackController] Native video element event: play 
Debug.js:169 [28504][PlaybackController] Native video element event: waiting 
Debug.js:169 [28505][ScheduleController][video] Top quality video index has changed from NaN to 5 
Debug.js:169 [28523][PlaybackController] Native video element event: loadedmetadata 
Debug.js:169 [28526][ScheduleController][audio] Top quality audio index has changed from NaN to 0 
Debug.js:169 [28554][StreamProcessor][audio] OnFragmentLoadingCompleted for stream id defaultId_0 and media type audio - Url: https://dash.akamaized.net/akamai/streamroot/050714/Spring_3000k_track2_dashinit.mp4 , Range:1263-121170 
Debug.js:169 [28575][StreamProcessor][video] OnFragmentLoadingCompleted for stream id defaultId_0 and media type video - Url: https://dash.akamaized.net/akamai/streamroot/050714/Spring_3000k_track1_dashinit.mp4 , Range:1420-1390560 
Debug.js:169 [28656][StreamProcessor][video] OnFragmentLoadingCompleted for stream id defaultId_0 and media type video - Url: https://dash.akamaized.net/akamai/streamroot/050714/Spring_3000k_track1_dashinit.mp4 , Range:1390561-2812828 
Debug.js:169 [28697][PlaybackController] Native video element event: loadeddata 
Debug.js:169 [28702][PlaybackController] Native video element event: playing 1638324386539 
Debug.js:169 [28731][StreamProcessor][video] OnFragmentLoadingCompleted for stream id defaultId_0 and media type video - Url: https://dash.akamaized.net/akamai/streamroot/050714/Spring_3000k_track1_dashinit.mp4 , Range:2812829-4277222 
Debug.js:169 [28890][StreamProcessor][video] OnFragmentLoadingCompleted for stream id defaultId_0 and media type video - Url: https://dash.akamaized.net/akamai/streamroot/050714/Spring_3000k_track1_dashinit.mp4 , Range:4277223-5695246 
Debug.js:169 [28911][AbrController] [video] switching from throughput to buffer occupancy ABR rule (buffer: 15.905). 
Debug.js:169 [29077][StreamProcessor][audio] OnFragmentLoadingCompleted for stream id defaultId_0 and media type audio - Url: https://dash.akamaized.net/akamai/streamroot/050714/Spring_3000k_track2_dashinit.mp4 , Range:121171-242011 
Debug.js:169 [29105][StreamProcessor][audio] OnFragmentLoadingCompleted for stream id defaultId_0 and media type audio - Url: https://dash.akamaized.net/akamai/streamroot/050714/Spring_3000k_track2_dashinit.mp4 , Range:242012-363098 
Debug.js:169 [29111][AbrController] [audio] switching from throughput to buffer occupancy ABR rule (buffer: 14.666). 
Debug.js:169 [29139][StreamProcessor][audio] OnFragmentLoadingCompleted for stream id defaultId_0 and media type audio - Url: https://dash.akamaized.net/akamai/streamroot/050714/Spring_3000k_track2_dashinit.mp4 , Range:363099-483691 
main.js:1493 BufferLevel = 15.82
main.js:1497 Bitrate = 2859
main.js:1493 BufferLevel = 19.626
main.js:1497 Bitrate = 194
main.js:1493 BufferLevel = 14.817
main.js:1497 Bitrate = 2859
main.js:1493 BufferLevel = 18.769
main.js:1497 Bitrate = 194
Debug.js:169 [31018][AbrController] Stream ID: defaultId_0 [video] switch from 0 to 5/5 (buffer: 13.816) {"forceReplace":false} 
Debug.js:169 [31065][StreamProcessor][video] OnFragmentLoadingCompleted for stream id defaultId_0 and media type video - Url: https://dash.akamaized.net/akamai/streamroot/050714/Spring_20000k_track1_dashinit.mp4 , Range:0-895 
Debug.js:169 [31066][ScheduleController][video] [video] lastInitializedRepresentationInfo changed to 5 
main.js:1493 BufferLevel = 13.747
main.js:1497 Bitrate = 19684
main.js:1493 BufferLevel = 17.768
main.js:1497 Bitrate = 194
main.js:1493 BufferLevel = 12.816
main.js:1497 Bitrate = 19684
main.js:1493 BufferLevel = 16.768
main.js:1497 Bitrate = 194
main.js:1493 BufferLevel = 11.816
main.js:1497 Bitrate = 19684
main.js:1493 BufferLevel = 15.768
main.js:1497 Bitrate = 194
main.js:1493 BufferLevel = 10.816
main.js:1497 Bitrate = 19684
main.js:1493 BufferLevel = 14.768
main.js:1497 Bitrate = 194
main.js:1493 BufferLevel = 9.816
main.js:1497 Bitrate = 19684
main.js:1493 BufferLevel = 13.768
main.js:1497 Bitrate = 194
main.js:1493 BufferLevel = 8.816
main.js:1497 Bitrate = 19684
main.js:1493 BufferLevel = 12.768
main.js:1497 Bitrate = 194
main.js:1493 BufferLevel = 7.816
main.js:1497 Bitrate = 19684
main.js:1493 BufferLevel = 11.768
main.js:1497 Bitrate = 194
main.js:1493 BufferLevel = 6.816
main.js:1497 Bitrate = 19684
main.js:1493 BufferLevel = 10.768
main.js:1497 Bitrate = 194
Debug.js:169 [38997][AbrController] [video] switching from buffer occupancy to throughput ABR rule (buffer: 5.816). 
main.js:1493 BufferLevel = 5.816
main.js:1497 Bitrate = 19684
main.js:1493 BufferLevel = 9.768
main.js:1497 Bitrate = 194
main.js:1493 BufferLevel = 4.816
main.js:1497 Bitrate = 19684
main.js:1493 BufferLevel = 8.768
main.js:1497 Bitrate = 194
main.js:1493 BufferLevel = 3.817
main.js:1497 Bitrate = 19684
main.js:1493 BufferLevel = 7.769
main.js:1497 Bitrate = 194
main.js:1493 BufferLevel = 2.817
main.js:1497 Bitrate = 19684
main.js:1493 BufferLevel = 6.769
main.js:1497 Bitrate = 194
Debug.js:169 [42998][AbrController] [audio] switching from buffer occupancy to throughput ABR rule (buffer: 5.768). 
main.js:1493 BufferLevel = 1.816
main.js:1497 Bitrate = 19684
main.js:1493 BufferLevel = 5.768
main.js:1497 Bitrate = 194
Debug.js:169 [44170][StreamProcessor][audio] OnFragmentLoadingCompleted for stream id defaultId_0 and media type audio - Url: https://dash.akamaized.net/akamai/streamroot/050714/Spring_3000k_track2_dashinit.mp4 , Range:483692-604588 
main.js:1493 BufferLevel = 0.816
main.js:1497 Bitrate = 19684
main.js:1493 BufferLevel = 4.768
main.js:1497 Bitrate = 194
Debug.js:169 [44748][StreamProcessor][video] Buffer is empty! Stalling! 1638324402585 
main.js:1493 BufferLevel = 0
main.js:1497 Bitrate = 19684
main.js:1493 BufferLevel = 8.76
main.js:1497 Bitrate = 194
main.js:1493 BufferLevel = 0
main.js:1497 Bitrate = 19684
main.js:1493 BufferLevel = 7.76
main.js:1497 Bitrate = 194
main.js:1493 BufferLevel = 0
main.js:1497 Bitrate = 19684
main.js:1493 BufferLevel = 6.76
main.js:1497 Bitrate = 194
Debug.js:169 [47731][PlaybackController] Native video element event: waiting 
main.js:1493 BufferLevel = 0
main.js:1497 Bitrate = 19684
main.js:1493 BufferLevel = 6.032
main.js:1497 Bitrate = 194
main.js:1493 BufferLevel = 0
main.js:1497 Bitrate = 19684
main.js:1493 BufferLevel = 6.032
main.js:1497 Bitrate = 194
main.js:1493 BufferLevel = 0
main.js:1497 Bitrate = 19684
main.js:1493 BufferLevel = 6.032
main.js:1497 Bitrate = 194
main.js:1493 BufferLevel = 0
main.js:1497 Bitrate = 19684
main.js:1493 BufferLevel = 6.032
main.js:1497 Bitrate = 194
Debug.js:169 [51520][StreamProcessor][video] OnFragmentLoadingCompleted for stream id defaultId_0 and media type video - Url: https://dash.akamaized.net/akamai/streamroot/050714/Spring_20000k_track1_dashinit.mp4 , Range:1420-9500305 
main.js:1493 BufferLevel = 0
main.js:1497 Bitrate = 19684
main.js:1493 BufferLevel = 6.032
main.js:1497 Bitrate = 194
main.js:1493 BufferLevel = 0
main.js:1497 Bitrate = 19684
main.js:1493 BufferLevel = 6.032
main.js:1497 Bitrate = 194
main.js:1493 BufferLevel = 0
main.js:1497 Bitrate = 19684
main.js:1493 BufferLevel = 6.032
main.js:1497 Bitrate = 194
main.js:1493 BufferLevel = 0
main.js:1497 Bitrate = 19684
main.js:1493 BufferLevel = 6.032
main.js:1497 Bitrate = 194
main.js:1493 BufferLevel = 0
main.js:1497 Bitrate = 19684
main.js:1493 BufferLevel = 6.032
main.js:1497 Bitrate = 194
main.js:1493 BufferLevel = 0
main.js:1497 Bitrate = 19684
main.js:1493 BufferLevel = 6.032
main.js:1497 Bitrate = 194
main.js:1493 BufferLevel = 0
main.js:1497 Bitrate = 19684
main.js:1493 BufferLevel = 6.032
main.js:1497 Bitrate = 194
main.js:1493 BufferLevel = 0
main.js:1497 Bitrate = 19684
main.js:1493 BufferLevel = 6.032
main.js:1497 Bitrate = 194
main.js:1493 BufferLevel = 0
main.js:1497 Bitrate = 19684
main.js:1493 BufferLevel = 6.032
main.js:1497 Bitrate = 194
main.js:1493 BufferLevel = 0
main.js:1497 Bitrate = 19684
main.js:1493 BufferLevel = 6.032
main.js:1497 Bitrate = 194
main.js:1493 BufferLevel = 0
main.js:1497 Bitrate = 19684
main.js:1493 BufferLevel = 6.032
main.js:1497 Bitrate = 194
main.js:1493 BufferLevel = 0
main.js:1497 Bitrate = 19684
main.js:1493 BufferLevel = 6.032
main.js:1497 Bitrate = 194
main.js:1493 BufferLevel = 0
main.js:1497 Bitrate = 19684
main.js:1493 BufferLevel = 6.032
main.js:1497 Bitrate = 194
main.js:1493 BufferLevel = 0
main.js:1497 Bitrate = 19684
main.js:1493 BufferLevel = 6.032
main.js:1497 Bitrate = 194
main.js:1493 BufferLevel = 0
main.js:1497 Bitrate = 19684
main.js:1493 BufferLevel = 6.032
main.js:1497 Bitrate = 194
main.js:1493 BufferLevel = 0
main.js:1497 Bitrate = 19684
main.js:1493 BufferLevel = 6.032
main.js:1497 Bitrate = 194
main.js:1493 BufferLevel = 0
main.js:1497 Bitrate = 19684
main.js:1493 BufferLevel = 6.032
main.js:1497 Bitrate = 194
main.js:1493 BufferLevel = 0
main.js:1497 Bitrate = 19684
main.js:1493 BufferLevel = 6.032
main.js:1497 Bitrate = 194
Debug.js:169 [69871][StreamProcessor][video] OnFragmentLoadingCompleted for stream id defaultId_0 and media type video - Url: https://dash.akamaized.net/akamai/streamroot/050714/Spring_20000k_track1_dashinit.mp4 , Range:9500306-19090990 
main.js:1493 BufferLevel = 0
main.js:1497 Bitrate = 19684
main.js:1493 BufferLevel = 6.032
main.js:1497 Bitrate = 194
main.js:1493 BufferLevel = 0
main.js:1497 Bitrate = 19684
main.js:1493 BufferLevel = 6.032
main.js:1497 Bitrate = 194
main.js:1493 BufferLevel = 0
main.js:1497 Bitrate = 19684
main.js:1493 BufferLevel = 6.032
main.js:1497 Bitrate = 194
main.js:1493 BufferLevel = 0
main.js:1497 Bitrate = 19684
main.js:1493 BufferLevel = 6.032
main.js:1497 Bitrate = 194
main.js:1493 BufferLevel = 0
main.js:1497 Bitrate = 19684
main.js:1493 BufferLevel = 6.032
main.js:1497 Bitrate = 194
main.js:1493 BufferLevel = 0
main.js:1497 Bitrate = 19684
main.js:1493 BufferLevel = 6.032
main.js:1497 Bitrate = 194
main.js:1493 BufferLevel = 0
main.js:1497 Bitrate = 19684
main.js:1493 BufferLevel = 6.032
main.js:1497 Bitrate = 194
main.js:1493 BufferLevel = 0
main.js:1497 Bitrate = 19684
main.js:1493 BufferLevel = 6.032
main.js:1497 Bitrate = 194
main.js:1493 BufferLevel = 0
main.js:1497 Bitrate = 19684
main.js:1493 BufferLevel = 6.032
main.js:1497 Bitrate = 194
main.js:1493 BufferLevel = 0
main.js:1497 Bitrate = 19684
main.js:1493 BufferLevel = 6.032
main.js:1497 Bitrate = 194
main.js:1493 BufferLevel = 0
main.js:1497 Bitrate = 19684
main.js:1493 BufferLevel = 6.032
main.js:1497 Bitrate = 194
main.js:1493 BufferLevel = 0
main.js:1497 Bitrate = 19684
main.js:1493 BufferLevel = 6.032
main.js:1497 Bitrate = 194
main.js:1493 BufferLevel = 0
main.js:1497 Bitrate = 19684
main.js:1493 BufferLevel = 6.032
main.js:1497 Bitrate = 194
main.js:1493 BufferLevel = 0
main.js:1497 Bitrate = 19684
main.js:1493 BufferLevel = 6.032
main.js:1497 Bitrate = 194
main.js:1493 BufferLevel = 0
main.js:1497 Bitrate = 19684
main.js:1493 BufferLevel = 6.032
main.js:1497 Bitrate = 194
main.js:1493 BufferLevel = 0
main.js:1497 Bitrate = 19684
main.js:1493 BufferLevel = 6.032
main.js:1497 Bitrate = 194
main.js:1493 BufferLevel = 0
main.js:1497 Bitrate = 19684
main.js:1493 BufferLevel = 6.032
main.js:1497 Bitrate = 194
Debug.js:169 [86396][StreamProcessor][video] OnFragmentLoadingCompleted for stream id defaultId_0 and media type video - Url: https://dash.akamaized.net/akamai/streamroot/050714/Spring_20000k_track1_dashinit.mp4 , Range:19090991-29474389 
main.js:1493 BufferLevel = 0
main.js:1497 Bitrate = 19684
main.js:1493 BufferLevel = 6.032
main.js:1497 Bitrate = 194
main.js:1493 BufferLevel = 0
main.js:1497 Bitrate = 19684
main.js:1493 BufferLevel = 6.032
main.js:1497 Bitrate = 194
main.js:1493 BufferLevel = 0
main.js:1497 Bitrate = 19684
main.js:1493 BufferLevel = 6.032
main.js:1497 Bitrate = 194
main.js:1493 BufferLevel = 0
main.js:1497 Bitrate = 19684
main.js:1493 BufferLevel = 6.032
main.js:1497 Bitrate = 194
main.js:1493 BufferLevel = 0
main.js:1497 Bitrate = 19684
main.js:1493 BufferLevel = 6.032
main.js:1497 Bitrate = 194
main.js:1493 BufferLevel = 0
main.js:1497 Bitrate = 19684
main.js:1493 BufferLevel = 6.032
main.js:1497 Bitrate = 194
main.js:1493 BufferLevel = 0
main.js:1497 Bitrate = 19684
main.js:1493 BufferLevel = 6.032
main.js:1497 Bitrate = 194
main.js:1493 BufferLevel = 0
main.js:1497 Bitrate = 19684
main.js:1493 BufferLevel = 6.032
main.js:1497 Bitrate = 194
main.js:1493 BufferLevel = 0
main.js:1497 Bitrate = 19684
main.js:1493 BufferLevel = 6.032
main.js:1497 Bitrate = 194
main.js:1493 BufferLevel = 0
main.js:1497 Bitrate = 19684
main.js:1493 BufferLevel = 6.032
main.js:1497 Bitrate = 194
main.js:1493 BufferLevel = 0
main.js:1497 Bitrate = 19684
main.js:1493 BufferLevel = 6.032
main.js:1497 Bitrate = 194
main.js:1493 BufferLevel = 0
main.js:1497 Bitrate = 19684
main.js:1493 BufferLevel = 6.032
main.js:1497 Bitrate = 194
main.js:1493 BufferLevel = 0
main.js:1497 Bitrate = 19684
main.js:1493 BufferLevel = 6.032
main.js:1497 Bitrate = 194
main.js:1493 BufferLevel = 0
main.js:1497 Bitrate = 19684
main.js:1493 BufferLevel = 6.032
main.js:1497 Bitrate = 194
main.js:1493 BufferLevel = 0
main.js:1497 Bitrate = 19684
main.js:1493 BufferLevel = 6.032
main.js:1497 Bitrate = 194
main.js:1493 BufferLevel = 0
main.js:1497 Bitrate = 19684
main.js:1493 BufferLevel = 6.032
main.js:1497 Bitrate = 194
Debug.js:169 [102454][StreamProcessor][video] OnFragmentLoadingCompleted for stream id defaultId_0 and media type video - Url: https://dash.akamaized.net/akamai/streamroot/050714/Spring_20000k_track1_dashinit.mp4 , Range:29474390-39493361 
main.js:1493 BufferLevel = 0
main.js:1497 Bitrate = 19684
main.js:1493 BufferLevel = 6.032
main.js:1497 Bitrate = 194
main.js:1493 BufferLevel = 0
main.js:1497 Bitrate = 19684
main.js:1493 BufferLevel = 6.032
main.js:1497 Bitrate = 194
main.js:1493 BufferLevel = 0
main.js:1497 Bitrate = 19684
main.js:1493 BufferLevel = 6.032
main.js:1497 Bitrate = 194
main.js:1493 BufferLevel = 0
main.js:1497 Bitrate = 19684
main.js:1493 BufferLevel = 6.032
main.js:1497 Bitrate = 194
main.js:1493 BufferLevel = 0
main.js:1497 Bitrate = 19684
main.js:1493 BufferLevel = 6.032
main.js:1497 Bitrate = 194
main.js:1493 BufferLevel = 0
main.js:1497 Bitrate = 19684
main.js:1493 BufferLevel = 6.032
main.js:1497 Bitrate = 194
main.js:1493 BufferLevel = 0
main.js:1497 Bitrate = 19684
main.js:1493 BufferLevel = 6.032
main.js:1497 Bitrate = 194
main.js:1493 BufferLevel = 0
main.js:1497 Bitrate = 19684
main.js:1493 BufferLevel = 6.032
main.js:1497 Bitrate = 194
main.js:1493 BufferLevel = 0
main.js:1497 Bitrate = 19684
main.js:1493 BufferLevel = 6.032
main.js:1497 Bitrate = 194
main.js:1493 BufferLevel = 0
main.js:1497 Bitrate = 19684
main.js:1493 BufferLevel = 6.032
main.js:1497 Bitrate = 194
main.js:1493 BufferLevel = 0
main.js:1497 Bitrate = 19684
main.js:1493 BufferLevel = 6.032
main.js:1497 Bitrate = 194
Debug.js:169 [113988][StreamProcessor][video] OnFragmentLoadingCompleted for stream id defaultId_0 and media type video - Url: https://dash.akamaized.net/akamai/streamroot/050714/Spring_20000k_track1_dashinit.mp4 , Range:39493362-48193373 
main.js:1493 BufferLevel = 1.092
main.js:1497 Bitrate = 19684
main.js:1493 BufferLevel = 6.032
main.js:1497 Bitrate = 194
main.js:1493 BufferLevel = 1.092
main.js:1497 Bitrate = 19684
main.js:1493 BufferLevel = 6.032
main.js:1497 Bitrate = 194
main.js:1493 BufferLevel = 1.092
main.js:1497 Bitrate = 19684
main.js:1493 BufferLevel = 6.032
main.js:1497 Bitrate = 194
Debug.js:169 [117079][PlaybackController] Native video element event: playing 1638324474916 
main.js:1493 BufferLevel = 1.092
main.js:1497 Bitrate = 19684
main.js:1493 BufferLevel = 6.032
main.js:1497 Bitrate = 194
Debug.js:169 [117976][StreamProcessor][video] Buffer is empty! Stalling! 1638324475813 
main.js:1493 BufferLevel = 0.217
main.js:1497 Bitrate = 19684
main.js:1493 BufferLevel = 5.157
main.js:1497 Bitrate = 194
Debug.js:169 [118395][StreamProcessor][audio] OnFragmentLoadingCompleted for stream id defaultId_0 and media type audio - Url: https://dash.akamaized.net/akamai/streamroot/050714/Spring_3000k_track2_dashinit.mp4 , Range:604589-725387 
main.js:1493 BufferLevel = 0
main.js:1497 Bitrate = 19684
main.js:1493 BufferLevel = 9.147
main.js:1497 Bitrate = 194
main.js:1493 BufferLevel = 0
main.js:1497 Bitrate = 19684
main.js:1493 BufferLevel = 8.146
main.js:1497 Bitrate = 194
Debug.js:169 [121056][PlaybackController] Native video element event: waiting 
main.js:1493 BufferLevel = 0
main.js:1497 Bitrate = 19684
main.js:1493 BufferLevel = 7.067
main.js:1497 Bitrate = 194
main.js:1493 BufferLevel = 0
main.js:1497 Bitrate = 19684
main.js:1493 BufferLevel = 7.067
main.js:1497 Bitrate = 194
main.js:1493 BufferLevel = 0
main.js:1497 Bitrate = 19684
main.js:1493 BufferLevel = 7.067
main.js:1497 Bitrate = 194
main.js:1493 BufferLevel = 0
main.js:1497 Bitrate = 19684
main.js:1493 BufferLevel = 7.067
main.js:1497 Bitrate = 194
main.js:1493 BufferLevel = 0
main.js:1497 Bitrate = 19684
main.js:1493 BufferLevel = 7.067
main.js:1497 Bitrate = 194
main.js:1493 BufferLevel = 0
main.js:1497 Bitrate = 19684
main.js:1493 BufferLevel = 7.067
main.js:1497 Bitrate = 194
main.js:1493 BufferLevel = 0
main.js:1497 Bitrate = 19684
main.js:1493 BufferLevel = 7.067
main.js:1497 Bitrate = 194
main.js:1493 BufferLevel = 0
main.js:1497 Bitrate = 19684
main.js:1493 BufferLevel = 7.067
main.js:1497 Bitrate = 194
Debug.js:169 [129059][StreamProcessor][video] OnFragmentLoadingCompleted for stream id defaultId_0 and media type video - Url: https://dash.akamaized.net/akamai/streamroot/050714/Spring_20000k_track1_dashinit.mp4 , Range:48193374-58857199 
main.js:1493 BufferLevel = 0
main.js:1497 Bitrate = 19684
main.js:1493 BufferLevel = 7.067
main.js:1497 Bitrate = 194
main.js:1493 BufferLevel = 1.139
main.js:1497 Bitrate = 19684
main.js:1493 BufferLevel = 7.067
main.js:1497 Bitrate = 194
main.js:1493 BufferLevel = 1.139
main.js:1497 Bitrate = 19684
main.js:1493 BufferLevel = 7.067
main.js:1497 Bitrate = 194
main.js:1493 BufferLevel = 1.139
main.js:1497 Bitrate = 19684
main.js:1493 BufferLevel = 7.067
main.js:1497 Bitrate = 194
Debug.js:169 [132970][PlaybackController] Native video element event: playing 1638324490807 
main.js:1493 BufferLevel = 1.036
main.js:1497 Bitrate = 19684
main.js:1493 BufferLevel = 6.964
main.js:1497 Bitrate = 194
Debug.js:169 [133517][PlaybackController] Native video element event: waiting 
Debug.js:169 [133837][PlaybackController] Native video element event: playing 1638324491674 
main.js:1493 BufferLevel = 0.56
main.js:1497 Bitrate = 19684
main.js:1493 BufferLevel = 6.488
main.js:1497 Bitrate = 194
Debug.js:169 [134515][StreamProcessor][video] Buffer is empty! Stalling! 1638324492352 
main.js:1493 BufferLevel = 0
main.js:1497 Bitrate = 19684
main.js:1493 BufferLevel = 5.487
main.js:1497 Bitrate = 194
Debug.js:169 [135975][StreamProcessor][audio] OnFragmentLoadingCompleted for stream id defaultId_0 and media type audio - Url: https://dash.akamaized.net/akamai/streamroot/050714/Spring_3000k_track2_dashinit.mp4 , Range:725388-846211 
main.js:1493 BufferLevel = 0
main.js:1497 Bitrate = 19684
main.js:1493 BufferLevel = 9.479
main.js:1497 Bitrate = 194
main.js:1493 BufferLevel = 0
main.js:1497 Bitrate = 19684
main.js:1493 BufferLevel = 8.479
main.js:1497 Bitrate = 194
Debug.js:169 [137406][PlaybackController] Native video element event: waiting 
main.js:1493 BufferLevel = 0
main.js:1497 Bitrate = 19684
main.js:1493 BufferLevel = 8.088
main.js:1497 Bitrate = 194
main.js:1493 BufferLevel = 0
main.js:1497 Bitrate = 19684
main.js:1493 BufferLevel = 8.088
main.js:1497 Bitrate = 194
main.js:1493 BufferLevel = 0
main.js:1497 Bitrate = 19684
main.js:1493 BufferLevel = 8.088
main.js:1497 Bitrate = 194
Debug.js:169 [140574][StreamProcessor][video] OnFragmentLoadingCompleted for stream id defaultId_0 and media type video - Url: https://dash.akamaized.net/akamai/streamroot/050714/Spring_20000k_track1_dashinit.mp4 , Range:58857200-68919429 
main.js:1493 BufferLevel = 1.172
main.js:1497 Bitrate = 19684
main.js:1493 BufferLevel = 8.088
main.js:1497 Bitrate = 194
main.js:1493 BufferLevel = 1.172
main.js:1497 Bitrate = 19684
main.js:1493 BufferLevel = 8.088
main.js:1497 Bitrate = 194
main.js:1493 BufferLevel = 1.172
main.js:1497 Bitrate = 19684
main.js:1493 BufferLevel = 8.088
main.js:1497 Bitrate = 194
Debug.js:169 [144109][PlaybackController] Native video element event: playing 1638324501946 
main.js:1493 BufferLevel = 1.08
main.js:1497 Bitrate = 19684
main.js:1493 BufferLevel = 7.996
main.js:1497 Bitrate = 194
Debug.js:169 [145157][StreamProcessor][video] Buffer is empty! Stalling! 1638324502994 
main.js:1493 BufferLevel = 0.133
main.js:1497 Bitrate = 19684
main.js:1493 BufferLevel = 7.049
main.js:1497 Bitrate = 194
main.js:1493 BufferLevel = 0
main.js:1497 Bitrate = 19684
main.js:1493 BufferLevel = 6.049
main.js:1497 Bitrate = 194
main.js:1493 BufferLevel = 0
main.js:1497 Bitrate = 19684
main.js:1493 BufferLevel = 5.049
main.js:1497 Bitrate = 194
Debug.js:169 [147516][StreamProcessor][audio] OnFragmentLoadingCompleted for stream id defaultId_0 and media type audio - Url: https://dash.akamaized.net/akamai/streamroot/050714/Spring_3000k_track2_dashinit.mp4 , Range:846212-967055 
Debug.js:169 [148128][PlaybackController] Native video element event: waiting 
main.js:1493 BufferLevel = 0
main.js:1497 Bitrate = 19684
main.js:1493 BufferLevel = 9.076
main.js:1497 Bitrate = 194
Debug.js:169 [148723][StreamProcessor][video] OnFragmentLoadingCompleted for stream id defaultId_0 and media type video - Url: https://dash.akamaized.net/akamai/streamroot/050714/Spring_20000k_track1_dashinit.mp4 , Range:68919430-78383099 
main.js:1493 BufferLevel = 1.172
main.js:1497 Bitrate = 19684
main.js:1493 BufferLevel = 9.076
main.js:1497 Bitrate = 194
main.js:1493 BufferLevel = 1.172
main.js:1497 Bitrate = 19684
main.js:1493 BufferLevel = 9.076
main.js:1497 Bitrate = 194
main.js:1493 BufferLevel = 1.172
main.js:1497 Bitrate = 19684
main.js:1493 BufferLevel = 9.076
main.js:1497 Bitrate = 194
Debug.js:169 [152103][PlaybackController] Native video element event: playing 1638324509940 
main.js:1493 BufferLevel = 1.077
main.js:1497 Bitrate = 19684
main.js:1493 BufferLevel = 8.981
main.js:1497 Bitrate = 194
Debug.js:169 [153122][StreamProcessor][video] Buffer is empty! Stalling! 1638324510959 
main.js:1493 BufferLevel = 0.166
main.js:1497 Bitrate = 19684
main.js:1493 BufferLevel = 8.07
main.js:1497 Bitrate = 194
main.js:1493 BufferLevel = 0
main.js:1497 Bitrate = 19684
main.js:1493 BufferLevel = 7.07
main.js:1497 Bitrate = 194
main.js:1493 BufferLevel = 0
main.js:1497 Bitrate = 19684
main.js:1493 BufferLevel = 6.07
main.js:1497 Bitrate = 194
Debug.js:169 [156128][PlaybackController] Native video element event: waiting 
main.js:1493 BufferLevel = 0
main.js:1497 Bitrate = 19684
main.js:1493 BufferLevel = 5.07
main.js:1497 Bitrate = 194
main.js:1493 BufferLevel = 0
main.js:1497 Bitrate = 19684
main.js:1493 BufferLevel = 5.07
main.js:1497 Bitrate = 194
main.js:1493 BufferLevel = 0
main.js:1497 Bitrate = 19684
main.js:1493 BufferLevel = 5.07
main.js:1497 Bitrate = 194
Debug.js:169 [158261][StreamProcessor][video] OnFragmentLoadingCompleted for stream id defaultId_0 and media type video - Url: https://dash.akamaized.net/akamai/streamroot/050714/Spring_20000k_track1_dashinit.mp4 , Range:78383100-88507259 
main.js:1493 BufferLevel = 1.17
main.js:1497 Bitrate = 19684
main.js:1493 BufferLevel = 5.07
main.js:1497 Bitrate = 194
main.js:1493 BufferLevel = 1.17
main.js:1497 Bitrate = 19684
main.js:1493 BufferLevel = 5.07
main.js:1497 Bitrate = 194
main.js:1493 BufferLevel = 1.17
main.js:1497 Bitrate = 19684
main.js:1493 BufferLevel = 5.07
main.js:1497 Bitrate = 194
Debug.js:169 [161357][PlaybackController] Native video element event: playing 1638324519194 
Debug.js:169 [162054][StreamProcessor][audio] OnFragmentLoadingCompleted for stream id defaultId_0 and media type audio - Url: https://dash.akamaized.net/akamai/streamroot/050714/Spring_3000k_track2_dashinit.mp4 , Range:967056-1087891 
main.js:1493 BufferLevel = 0.417
main.js:1497 Bitrate = 19684
main.js:1493 BufferLevel = 9.309
main.js:1497 Bitrate = 194
Debug.js:169 [162372][StreamProcessor][video] Buffer is empty! Stalling! 1638324520209 
main.js:1493 BufferLevel = 0
main.js:1497 Bitrate = 19684
main.js:1493 BufferLevel = 8.309
main.js:1497 Bitrate = 194
main.js:1493 BufferLevel = 0
main.js:1497 Bitrate = 19684
main.js:1493 BufferLevel = 7.309
main.js:1497 Bitrate = 194
main.js:1493 BufferLevel = 0
main.js:1497 Bitrate = 19684
main.js:1493 BufferLevel = 6.309
main.js:1497 Bitrate = 194
Debug.js:169 [165377][PlaybackController] Native video element event: waiting 
main.js:1493 BufferLevel = 0
main.js:1497 Bitrate = 19684
main.js:1493 BufferLevel = 6.06
main.js:1497 Bitrate = 194
Debug.js:169 [167071][StreamProcessor][video] OnFragmentLoadingCompleted for stream id defaultId_0 and media type video - Url: https://dash.akamaized.net/akamai/streamroot/050714/Spring_20000k_track1_dashinit.mp4 , Range:88507260-98395518 
main.js:1493 BufferLevel = 1.172
main.js:1497 Bitrate = 19684
main.js:1493 BufferLevel = 6.06
main.js:1497 Bitrate = 194
main.js:1493 BufferLevel = 1.172
main.js:1497 Bitrate = 19684
main.js:1493 BufferLevel = 6.06
main.js:1497 Bitrate = 194
main.js:1493 BufferLevel = 1.172
main.js:1497 Bitrate = 19684
main.js:1493 BufferLevel = 6.06
main.js:1497 Bitrate = 194
main.js:1493 BufferLevel = 1.172
main.js:1497 Bitrate = 19684
main.js:1493 BufferLevel = 6.06
main.js:1497 Bitrate = 194
Debug.js:169 [170359][PlaybackController] Native video element event: playing 1638324528196 
main.js:1493 BufferLevel = 0.414
main.js:1497 Bitrate = 19684
main.js:1493 BufferLevel = 5.302
main.js:1497 Bitrate = 194
Debug.js:169 [171371][StreamProcessor][video] Buffer is empty! Stalling! 1638324529208 
Debug.js:169 [171650][StreamProcessor][audio] OnFragmentLoadingCompleted for stream id defaultId_0 and media type audio - Url: https://dash.akamaized.net/akamai/streamroot/050714/Spring_3000k_track2_dashinit.mp4 , Range:1087892-1208731 
main.js:1493 BufferLevel = 0
main.js:1497 Bitrate = 19684
main.js:1493 BufferLevel = 9.294
main.js:1497 Bitrate = 194
main.js:1493 BufferLevel = 0
main.js:1497 Bitrate = 19684
main.js:1493 BufferLevel = 8.294
main.js:1497 Bitrate = 194
main.js:1493 BufferLevel = 0
main.js:1497 Bitrate = 19684
main.js:1493 BufferLevel = 7.294
main.js:1497 Bitrate = 194
Debug.js:169 [174376][PlaybackController] Native video element event: waiting 
main.js:1493 BufferLevel = 0
main.js:1497 Bitrate = 19684
main.js:1493 BufferLevel = 7.045
main.js:1497 Bitrate = 194
main.js:1493 BufferLevel = 0
main.js:1497 Bitrate = 19684
main.js:1493 BufferLevel = 7.045
main.js:1497 Bitrate = 194
main.js:1493 BufferLevel = 0
main.js:1497 Bitrate = 19684
main.js:1493 BufferLevel = 7.045
main.js:1497 Bitrate = 194
main.js:1493 BufferLevel = 0
main.js:1497 Bitrate = 19684
main.js:1493 BufferLevel = 7.045
main.js:1497 Bitrate = 194
main.js:1493 BufferLevel = 0
main.js:1497 Bitrate = 19684
main.js:1493 BufferLevel = 7.045
main.js:1497 Bitrate = 194
main.js:1493 BufferLevel = 0
main.js:1497 Bitrate = 19684
main.js:1493 BufferLevel = 7.045
main.js:1497 Bitrate = 194
main.js:1493 BufferLevel = 0
main.js:1497 Bitrate = 19684
main.js:1493 BufferLevel = 7.045
main.js:1497 Bitrate = 194
main.js:1493 BufferLevel = 0
main.js:1497 Bitrate = 19684
main.js:1493 BufferLevel = 7.045
main.js:1497 Bitrate = 194
Debug.js:169 [182436][StreamProcessor][video] OnFragmentLoadingCompleted for stream id defaultId_0 and media type video - Url: https://dash.akamaized.net/akamai/streamroot/050714/Spring_20000k_track1_dashinit.mp4 , Range:98395519-107543440 
main.js:1493 BufferLevel = 1.169
main.js:1497 Bitrate = 19684
main.js:1493 BufferLevel = 7.045
main.js:1497 Bitrate = 194
main.js:1493 BufferLevel = 1.169
main.js:1497 Bitrate = 19684
main.js:1493 BufferLevel = 7.045
main.js:1497 Bitrate = 194
main.js:1493 BufferLevel = 1.169
main.js:1497 Bitrate = 19684
main.js:1493 BufferLevel = 7.045
main.js:1497 Bitrate = 194
Debug.js:169 [185526][PlaybackController] Native video element event: playing 1638324543363 
main.js:1493 BufferLevel = 0.548
main.js:1497 Bitrate = 19684
main.js:1493 BufferLevel = 6.424
main.js:1497 Bitrate = 194
Debug.js:169 [186372][StreamProcessor][video] Buffer is empty! Stalling! 1638324544209 
main.js:1493 BufferLevel = 0
main.js:1497 Bitrate = 19684
main.js:1493 BufferLevel = 5.423
main.js:1497 Bitrate = 194
Debug.js:169 [187723][StreamProcessor][audio] OnFragmentLoadingCompleted for stream id defaultId_0 and media type audio - Url: https://dash.akamaized.net/akamai/streamroot/050714/Spring_3000k_track2_dashinit.mp4 , Range:1208732-1329571 
main.js:1493 BufferLevel = 0
main.js:1497 Bitrate = 19684
main.js:1493 BufferLevel = 9.415
main.js:1497 Bitrate = 194
main.js:1493 BufferLevel = 0
main.js:1497 Bitrate = 19684
main.js:1493 BufferLevel = 8.415
main.js:1497 Bitrate = 194
Debug.js:169 [189510][PlaybackController] Native video element event: waiting 
Debug.js:169 [189923][Protection] EME detected on this user agent! (ProtectionModel_21Jan2015) 1638324547760 
